<?xml version="1.0" encoding="UTF-8"?>
<!-- Generated by org.testng.reporters.JUnitXMLReporter -->
<testsuite hostname="KEV-PC" ignored="0" name="Test" tests="9" failures="2" timestamp="03 Apr 2022 04:32:33 GMT" time="29.511" errors="0">
  <testcase name="test2" time="0.137" classname="qaautomation.march2022.AppTestAfterRefactor"/>
  <testcase name="test" time="0.762" classname="qaautomation.march2022.AppTestAfterRefactor"/>
  <testcase name="test3" time="0.091" classname="qaautomation.march2022.AppTestAfterRefactor"/>
  <testcase name="loginInvalidPassword" time="0.774" classname="qaautomation.march2022.AppTestAfterPOM">
    <failure type="java.lang.AssertionError" message="expected [true] but found [false]">
      <![CDATA[java.lang.AssertionError: expected [true] but found [false]
at qaautomation.march2022.AppTestAfterPOM.loginInvalidPassword(AppTestAfterPOM.java:59)
at java.util.concurrent.ThreadPoolExecutor.runWorker(Unknown Source)
at java.util.concurrent.ThreadPoolExecutor$Worker.run(Unknown Source)
at java.lang.Thread.run(Unknown Source)
... Removed 14 stack frames]]>
    </failure>
  </testcase> <!-- loginInvalidPassword -->
  <testcase name="loginSuccess" time="0.739" classname="qaautomation.march2022.AppTestAfterPOM"/>
  <testcase name="loginWithoutSubmitLoginBtn" time="0.136" classname="qaautomation.march2022.AppTestAfterPOM"/>
  <testcase name="loginInvalidPassword" time="0.709" classname="qaautomation.march2022.AppTestAfterPageFactory">
    <failure type="java.lang.AssertionError" message="expected [true] but found [false]">
      <![CDATA[java.lang.AssertionError: expected [true] but found [false]
at qaautomation.march2022.AppTestAfterPageFactory.loginInvalidPassword(AppTestAfterPageFactory.java:59)
at java.util.concurrent.ThreadPoolExecutor.runWorker(Unknown Source)
at java.util.concurrent.ThreadPoolExecutor$Worker.run(Unknown Source)
at java.lang.Thread.run(Unknown Source)
... Removed 14 stack frames]]>
    </failure>
  </testcase> <!-- loginInvalidPassword -->
  <testcase name="loginSuccess" time="0.703" classname="qaautomation.march2022.AppTestAfterPageFactory"/>
  <testcase name="loginWithoutSubmitLoginBtn" time="0.123" classname="qaautomation.march2022.AppTestAfterPageFactory"/>
</testsuite> <!-- Test -->
